Base path: /Applications/Unity/Unity.app/Contents
Pipe name: \\.\pipe\UnityShaderCompiler-64bit-2-845012992
Cmd: getPlatforms
Cmd: compileSnippet
  api=4 type=0 insize=3985 outsize=1859 kw= pd= ok=1
Cmd: compileSnippet
  api=8 type=0 insize=3985 outsize=3079 kw= pd=UNITY_NO_SCREENSPACE_SHADOWS UNITY_NO_LINEAR_COLORSPACE ok=1
Cmd: compileSnippet
  api=4 type=1 insize=3985 outsize=3508 kw= pd= ok=1
Cmd: compileSnippet
  api=8 type=1 insize=3985 outsize=5769 kw= pd=UNITY_NO_SCREENSPACE_SHADOWS UNITY_NO_LINEAR_COLORSPACE ok=1
Cmd: compileSnippet
  api=4 type=0 insize=3986 outsize=1859 kw= pd= ok=1
Cmd: compileSnippet
  api=8 type=0 insize=3986 outsize=3079 kw= pd=UNITY_NO_SCREENSPACE_SHADOWS UNITY_NO_LINEAR_COLORSPACE ok=1
Cmd: compileSnippet
  api=4 type=1 insize=3986 outsize=2558 kw= pd= ok=1
Cmd: compileSnippet
  api=8 type=1 insize=3986 outsize=4193 kw= pd=UNITY_NO_SCREENSPACE_SHADOWS UNITY_NO_LINEAR_COLORSPACE ok=1
Cmd: compileSnippet
  api=4 type=0 insize=3986 outsize=1859 kw= pd= ok=1
Cmd: compileSnippet
  api=8 type=0 insize=3986 outsize=3079 kw= pd=UNITY_NO_SCREENSPACE_SHADOWS UNITY_NO_LINEAR_COLORSPACE ok=1
Cmd: compileSnippet
  api=4 type=1 insize=3986 outsize=3143 kw= pd= ok=1
Cmd: compileSnippet
  api=8 type=1 insize=3986 outsize=5029 kw= pd=UNITY_NO_SCREENSPACE_SHADOWS UNITY_NO_LINEAR_COLORSPACE ok=1
End of pipe

Quitting shader compiler process
